<?xml version="1.0" encoding="UTF-8"?>
<!-- Generated by org.testng.reporters.JUnitReportReporter -->
<testsuite skipped="3" hostname="DESKTOP-BGTQG5D" name="appium.mobileframework.demo1" tests="4" failures="0" timestamp="2022-01-03T14:34:17 IST" time="84.328" errors="0">
  <testcase name="testcase4" time="84.328" classname="appium.mobileframework.demo1"/>
  <system-out/>
  <testcase name="testcase2" classname="appium.mobileframework.demo1">
    <skipped/>
  </testcase> <!-- testcase2 -->
  <system-out/>
  <testcase name="testcase3" classname="appium.mobileframework.demo1">
    <skipped/>
  </testcase> <!-- testcase3 -->
  <system-out/>
  <testcase name="testcase1" classname="appium.mobileframework.demo1">
    <skipped/>
  </testcase> <!-- testcase1 -->
  <system-out/>
</testsuite> <!-- appium.mobileframework.demo1 -->
